# JRE version: Java(TM) SE Runtime Environment (8.0_111-b14) (build 1.8.0_111-b14)
# Java VM: Java HotSpot(TM) 64-Bit Server VM (25.111-b14 mixed mode bsd-amd64 compressed oops)
Heap:
 PSYoungGen      total 218112K, used 109406K [0x0000000795580000, 0x00000007a6c00000, 0x00000007c0000000)
  eden space 198656K, 55% used [0x0000000795580000,0x000000079c0578d8,0x00000007a1780000)
  from space 19456K, 0% used [0x00000007a2b00000,0x00000007a2b00000,0x00000007a3e00000)
  to   space 19968K, 0% used [0x00000007a1780000,0x00000007a1780000,0x00000007a2b00000)
 ParOldGen       total 229888K, used 116742K [0x0000000740000000, 0x000000074e080000, 0x0000000795580000)
  object space 229888K, 50% used [0x0000000740000000,0x0000000747201b48,0x000000074e080000)
 Metaspace       used 40921K, capacity 41378K, committed 41776K, reserved 1085440K
  class space    used 4935K, capacity 5058K, committed 5168K, reserved 1048576K
GC Heap History (10 events):
Event: 10.276 GC heap before
{Heap before GC invocations=9 (full 1):
 PSYoungGen      total 113152K, used 90264K [0x0000000795580000, 0x00000007a0c00000, 0x00000007c0000000)
  eden space 103936K, 77% used [0x0000000795580000,0x000000079a4a9bc8,0x000000079bb00000)
  from space 9216K, 99% used [0x000000079bb00000,0x000000079c3fc7b0,0x000000079c400000)
  to   space 13312K, 0% used [0x000000079ff00000,0x000000079ff00000,0x00000007a0c00000)
 ParOldGen       total 59904K, used 13530K [0x0000000740000000, 0x0000000743a80000, 0x0000000795580000)
  object space 59904K, 22% used [0x0000000740000000,0x0000000740d36a60,0x0000000743a80000)
 Metaspace       used 34833K, capacity 35266K, committed 35496K, reserved 1081344K
  class space    used 4251K, capacity 4364K, committed 4400K, reserved 1048576K
Event: 10.300 GC heap after
Heap after GC invocations=9 (full 1):
 PSYoungGen      total 171520K, used 13297K [0x0000000795580000, 0x00000007a1400000, 0x00000007c0000000)
  eden space 158208K, 0% used [0x0000000795580000,0x0000000795580000,0x000000079f000000)
  from space 13312K, 99% used [0x000000079ff00000,0x00000007a0bfc700,0x00000007a0c00000)
  to   space 15360K, 0% used [0x000000079f000000,0x000000079f000000,0x000000079ff00000)
 ParOldGen       total 59904K, used 13729K [0x0000000740000000, 0x0000000743a80000, 0x0000000795580000)
  object space 59904K, 22% used [0x0000000740000000,0x0000000740d686a8,0x0000000743a80000)
 Metaspace       used 34833K, capacity 35266K, committed 35496K, reserved 1081344K
  class space    used 4251K, capacity 4364K, committed 4400K, reserved 1048576K
}
Event: 10.300 GC heap before
{Heap before GC invocations=10 (full 2):
 PSYoungGen      total 171520K, used 13297K [0x0000000795580000, 0x00000007a1400000, 0x00000007c0000000)
  eden space 158208K, 0% used [0x0000000795580000,0x0000000795580000,0x000000079f000000)
  from space 13312K, 99% used [0x000000079ff00000,0x00000007a0bfc700,0x00000007a0c00000)
  to   space 15360K, 0% used [0x000000079f000000,0x000000079f000000,0x000000079ff00000)
 ParOldGen       total 59904K, used 13729K [0x0000000740000000, 0x0000000743a80000, 0x0000000795580000)
  object space 59904K, 22% used [0x0000000740000000,0x0000000740d686a8,0x0000000743a80000)
 Metaspace       used 34833K, capacity 35266K, committed 35496K, reserved 1081344K
  class space    used 4251K, capacity 4364K, committed 4400K, reserved 1048576K
Event: 10.402 GC heap after
Heap after GC invocations=10 (full 2):
 PSYoungGen      total 171520K, used 0K [0x0000000795580000, 0x00000007a1400000, 0x00000007c0000000)
  eden space 158208K, 0% used [0x0000000795580000,0x0000000795580000,0x000000079f000000)
  from space 13312K, 0% used [0x000000079ff00000,0x000000079ff00000,0x00000007a0c00000)
  to   space 15360K, 0% used [0x000000079f000000,0x000000079f000000,0x000000079ff00000)
 ParOldGen       total 98816K, used 20892K [0x0000000740000000, 0x0000000746080000, 0x0000000795580000)
  object space 98816K, 21% used [0x0000000740000000,0x00000007414671a0,0x0000000746080000)
 Metaspace       used 34833K, capacity 35266K, committed 35496K, reserved 1081344K
  class space    used 4251K, capacity 4364K, committed 4400K, reserved 1048576K
}
Event: 64.881 GC heap before
{Heap before GC invocations=11 (full 2):
 PSYoungGen      total 171520K, used 154322K [0x0000000795580000, 0x00000007a1400000, 0x00000007c0000000)
  eden space 158208K, 97% used [0x0000000795580000,0x000000079ec34918,0x000000079f000000)
  from space 13312K, 0% used [0x000000079ff00000,0x000000079ff00000,0x00000007a0c00000)
  to   space 15360K, 0% used [0x000000079f000000,0x000000079f000000,0x000000079ff00000)
 ParOldGen       total 98816K, used 20892K [0x0000000740000000, 0x0000000746080000, 0x0000000795580000)
  object space 98816K, 21% used [0x0000000740000000,0x00000007414671a0,0x0000000746080000)
 Metaspace       used 40913K, capacity 41378K, committed 41776K, reserved 1085440K
  class space    used 4933K, capacity 5058K, committed 5168K, reserved 1048576K
Event: 64.903 GC heap after
Heap after GC invocations=11 (full 2):
 PSYoungGen      total 173568K, used 15349K [0x0000000795580000, 0x00000007a3e00000, 0x00000007c0000000)
  eden space 158208K, 0% used [0x0000000795580000,0x0000000795580000,0x000000079f000000)
  from space 15360K, 99% used [0x000000079f000000,0x000000079fefd448,0x000000079ff00000)
  to   space 19456K, 0% used [0x00000007a2b00000,0x00000007a2b00000,0x00000007a3e00000)
 ParOldGen       total 98816K, used 26512K [0x0000000740000000, 0x0000000746080000, 0x0000000795580000)
  object space 98816K, 26% used [0x0000000740000000,0x00000007419e43c8,0x0000000746080000)
 Metaspace       used 40913K, capacity 41378K, committed 41776K, reserved 1085440K
  class space    used 4933K, capacity 5058K, committed 5168K, reserved 1048576K
}
Event: 64.962 GC heap before
{Heap before GC invocations=12 (full 2):
 PSYoungGen      total 173568K, used 143786K [0x0000000795580000, 0x00000007a3e00000, 0x00000007c0000000)
  eden space 158208K, 81% used [0x0000000795580000,0x000000079d2ed730,0x000000079f000000)
  from space 15360K, 99% used [0x000000079f000000,0x000000079fefd448,0x000000079ff00000)
  to   space 19456K, 0% used [0x00000007a2b00000,0x00000007a2b00000,0x00000007a3e00000)
 ParOldGen       total 98816K, used 26512K [0x0000000740000000, 0x0000000746080000, 0x0000000795580000)
  object space 98816K, 26% used [0x0000000740000000,0x00000007419e43c8,0x0000000746080000)
 Metaspace       used 40913K, capacity 41378K, committed 41776K, reserved 1085440K
  class space    used 4933K, capacity 5058K, committed 5168K, reserved 1048576K
Event: 65.032 GC heap after
Heap after GC invocations=12 (full 2):
 PSYoungGen      total 218112K, used 13216K [0x0000000795580000, 0x00000007a6c00000, 0x00000007c0000000)
  eden space 198656K, 0% used [0x0000000795580000,0x0000000795580000,0x00000007a1780000)
  from space 19456K, 67% used [0x00000007a2b00000,0x00000007a37e8090,0x00000007a3e00000)
  to   space 19968K, 0% used [0x00000007a1780000,0x00000007a1780000,0x00000007a2b00000)
 ParOldGen       total 132096K, used 112529K [0x0000000740000000, 0x0000000748100000, 0x0000000795580000)
  object space 132096K, 85% used [0x0000000740000000,0x0000000746de4408,0x0000000748100000)
 Metaspace       used 40913K, capacity 41378K, committed 41776K, reserved 1085440K
  class space    used 4933K, capacity 5058K, committed 5168K, reserved 1048576K
}
Event: 65.032 GC heap before
{Heap before GC invocations=13 (full 3):
 PSYoungGen      total 218112K, used 13216K [0x0000000795580000, 0x00000007a6c00000, 0x00000007c0000000)
  eden space 198656K, 0% used [0x0000000795580000,0x0000000795580000,0x00000007a1780000)
  from space 19456K, 67% used [0x00000007a2b00000,0x00000007a37e8090,0x00000007a3e00000)
  to   space 19968K, 0% used [0x00000007a1780000,0x00000007a1780000,0x00000007a2b00000)
 ParOldGen       total 132096K, used 112529K [0x0000000740000000, 0x0000000748100000, 0x0000000795580000)
  object space 132096K, 85% used [0x0000000740000000,0x0000000746de4408,0x0000000748100000)
 Metaspace       used 40913K, capacity 41378K, committed 41776K, reserved 1085440K
  class space    used 4933K, capacity 5058K, committed 5168K, reserved 1048576K
Event: 65.231 GC heap after
Heap after GC invocations=13 (full 3):
 PSYoungGen      total 218112K, used 0K [0x0000000795580000, 0x00000007a6c00000, 0x00000007c0000000)
  eden space 198656K, 0% used [0x0000000795580000,0x0000000795580000,0x00000007a1780000)
  from space 19456K, 0% used [0x00000007a2b00000,0x00000007a2b00000,0x00000007a3e00000)
  to   space 19968K, 0% used [0x00000007a1780000,0x00000007a1780000,0x00000007a2b00000)
 ParOldGen       total 229888K, used 116742K [0x0000000740000000, 0x000000074e080000, 0x0000000795580000)
  object space 229888K, 50% used [0x0000000740000000,0x0000000747201b48,0x000000074e080000)
 Metaspace       used 40913K, capacity 41378K, committed 41776K, reserved 1085440K
  class space    used 4933K, capacity 5058K, committed 5168K, reserved 1048576K
}

